2026-01-05 15:24:20,985 - INFO - [reboot.py:11] - [54.2] 开始部署 Reboot 脚本...
2026-01-05 15:25:40,161 - INFO - [reboot.py:11] - [54.2] 开始部署 Reboot 脚本...
2026-01-05 15:28:52,521 - INFO - [reboot.py:11] - [54.2] 开始部署 Reboot 脚本...
2026-01-05 15:30:16,344 - INFO - [reboot.py:11] - [54.2] 开始部署 Reboot 脚本...
2026-01-05 15:34:59,247 - INFO - [reboot.py:11] - [54.2] 开始部署 Reboot 脚本...
2026-01-05 15:41:56,155 - INFO - [reboot.py:60] - [54.2] 启动 Reboot 测试...
2026-01-05 15:42:56,149 - INFO - [reboot.py:116] - [54.2] 重置环境...
2026-01-05 15:46:24,830 - INFO - [reboot.py:116] - [54.2] 重置环境...
2026-01-05 15:46:40,217 - INFO - [reboot.py:79] - [54.2] 停止 Reboot 测试并归档...
2026-01-05 15:46:48,232 - INFO - [reboot.py:11] - [54.2] 开始部署 Reboot 脚本...
2026-01-05 15:48:29,863 - INFO - [reboot.py:79] - [54.2] 停止 Reboot 测试并归档...
2026-01-05 17:22:32,882 - INFO - [reboot.py:11] - [54.2] 开始部署 Reboot 脚本...
2026-01-05 17:28:51,999 - INFO - [reboot.py:11] - [54.2] 开始部署 Reboot 脚本...
2026-01-05 17:28:59,919 - INFO - [reboot.py:11] - [54.2] 开始部署 Reboot 脚本...
2026-01-05 17:31:23,627 - INFO - [reboot.py:18] - [54.2] 开始部署 Reboot 脚本 (V3.0 融合修复版)...
2026-01-05 17:31:46,420 - INFO - [reboot.py:18] - [54.2] 开始部署 Reboot 脚本 (V3.0 融合修复版)...
2026-01-05 17:31:49,541 - INFO - [reboot.py:95] - [54.2] 启动 Reboot 测试...
2026-01-05 18:05:11,586 - INFO - [reboot.py:168] - [54.2] 重置环境...
2026-01-05 18:06:01,015 - INFO - [reboot.py:168] - [54.2] 重置环境...
2026-01-05 18:06:11,556 - INFO - [reboot.py:18] - [54.2] 开始部署 Reboot 脚本 (V3.0 融合修复版)...
2026-01-07 14:47:41,327 - INFO - [reboot.py:18] - [54.2] 开始部署 Reboot 脚本 (V3.0 融合修复版)...
2026-01-07 14:47:48,360 - INFO - [memtest.py:10] - [54.2] 开始部署 Memtest 环境...
2026-01-07 14:53:07,870 - INFO - [reboot.py:18] - [54.2] 开始部署 Reboot 脚本 (V3.0 融合修复版)...
2026-01-07 15:00:07,220 - INFO - [memtest.py:10] - [54.2] 开始部署 Memtest 环境...
2026-01-07 15:00:11,884 - INFO - [memtest.py:56] - [54.2] 启动 Memtest (Runtime=3600)
2026-01-07 15:01:02,767 - INFO - [memtest.py:144] - [54.2] 停止 Memtest 并归档...
2026-01-07 15:01:11,942 - INFO - [memtest.py:144] - [54.2] 停止 Memtest 并归档...
2026-01-07 15:03:09,400 - INFO - [memtest.py:144] - [54.2] 停止 Memtest 并归档...
2026-01-07 15:03:14,247 - INFO - [memtest.py:144] - [54.2] 停止 Memtest 并归档...
2026-01-07 15:08:10,379 - INFO - [memtest.py:144] - [54.2] 停止 Memtest 并归档...
2026-01-07 15:08:12,300 - INFO - [memtest.py:144] - [54.2] 停止 Memtest 并归档...
2026-01-07 15:09:00,913 - INFO - [memtest.py:144] - [54.2] 停止 Memtest 并归档...
2026-01-07 15:09:28,615 - INFO - [reboot.py:18] - [54.2] 开始部署 Reboot 脚本 (V3.0 融合修复版)...
2026-01-07 15:09:59,188 - INFO - [reboot.py:18] - [54.2] 开始部署 Reboot 脚本 (V3.0 融合修复版)...
2026-01-07 15:10:01,460 - INFO - [reboot.py:95] - [54.2] 启动 Reboot 测试...
2026-01-07 15:10:15,008 - INFO - [reboot.py:127] - [54.2] 停止 Reboot 测试并归档...
2026-01-07 15:10:28,422 - INFO - [reboot.py:168] - [54.2] 重置环境...
2026-01-07 15:10:43,942 - INFO - [reboot.py:18] - [54.2] 开始部署 Reboot 脚本 (V3.0 融合修复版)...
2026-01-07 15:11:00,565 - INFO - [reboot.py:18] - [54.2] 开始部署 Reboot 脚本 (V3.0 融合修复版)...
2026-01-07 15:11:04,636 - INFO - [reboot.py:95] - [54.2] 启动 Reboot 测试...
2026-01-07 15:36:04,086 - INFO - [reboot.py:18] - [54.2] 开始部署 Reboot 脚本 (V3.0 融合修复版)...
2026-01-07 15:36:14,097 - ERROR - [reboot.py:90] - [54.2] Reboot 部署异常
Traceback (most recent call last):
  File "E:\Monitor_Dev\backend\services\reboot.py", line 39, in deploy_reboot_scripts
    ssh = get_ssh_client(server.os_ip, server.ssh_user, server.ssh_password)
  File "E:\Monitor_Dev\backend\utils.py", line 21, in get_ssh_client
    ssh.connect(ip, username=user, password=pwd, timeout=10) # 延长超时到10秒
    ~~~~~~~~~~~^^^^^^^^^^^^^^^^^^^^^^^^^^^^^^^^^^^^^^^^^^^^^
  File "D:\Anaconda\Lib\site-packages\paramiko\client.py", line 384, in connect
    sock.connect(addr)
    ~~~~~~~~~~~~^^^^^^
TimeoutError: timed out
2026-01-07 15:42:38,256 - INFO - [reboot.py:18] - [54.2] 开始部署 Reboot 脚本 (V3.0 融合修复版)...
2026-01-07 15:42:48,284 - ERROR - [reboot.py:90] - [54.2] Reboot 部署异常
Traceback (most recent call last):
  File "E:\Monitor_Dev\backend\services\reboot.py", line 39, in deploy_reboot_scripts
    ssh = get_ssh_client(server.os_ip, server.ssh_user, server.ssh_password)
  File "E:\Monitor_Dev\backend\utils.py", line 21, in get_ssh_client
    ssh.connect(ip, username=user, password=pwd, timeout=10) # 延长超时到10秒
    ~~~~~~~~~~~^^^^^^^^^^^^^^^^^^^^^^^^^^^^^^^^^^^^^^^^^^^^^
  File "D:\Anaconda\Lib\site-packages\paramiko\client.py", line 384, in connect
    sock.connect(addr)
    ~~~~~~~~~~~~^^^^^^
TimeoutError: timed out
2026-01-07 15:42:56,288 - INFO - [reboot.py:127] - [54.2] 停止 Reboot 测试并归档...
2026-01-07 15:47:00,369 - INFO - [reboot.py:18] - [54.2] 开始部署 Reboot 脚本 (V3.0 融合修复版)...
2026-01-07 15:47:10,397 - ERROR - [reboot.py:90] - [54.2] Reboot 部署异常
Traceback (most recent call last):
  File "E:\Monitor_Dev\backend\services\reboot.py", line 39, in deploy_reboot_scripts
    ssh = get_ssh_client(server.os_ip, server.ssh_user, server.ssh_password)
  File "E:\Monitor_Dev\backend\utils.py", line 21, in get_ssh_client
    ssh.connect(ip, username=user, password=pwd, timeout=10) # 延长超时到10秒
    ~~~~~~~~~~~^^^^^^^^^^^^^^^^^^^^^^^^^^^^^^^^^^^^^^^^^^^^^
  File "D:\Anaconda\Lib\site-packages\paramiko\client.py", line 384, in connect
    sock.connect(addr)
    ~~~~~~~~~~~~^^^^^^
TimeoutError: timed out
2026-01-07 15:47:21,983 - INFO - [reboot.py:18] - [54.2] 开始部署 Reboot 脚本 (V3.0 融合修复版)...
2026-01-07 15:47:27,019 - INFO - [reboot.py:95] - [54.2] 启动 Reboot 测试...
2026-01-07 15:51:37,345 - INFO - [reboot.py:18] - [54.2] 开始部署 Reboot 脚本 (V3.0 融合修复版)...
2026-01-07 16:08:28,456 - INFO - [reboot.py:18] - [54.2] 开始部署 Reboot 脚本 (V3.0 融合修复版)...
2026-01-07 16:08:31,338 - INFO - [reboot.py:95] - [54.2] 启动 Reboot 测试...
2026-01-07 16:13:06,101 - INFO - [reboot.py:127] - [54.2] 停止 Reboot 测试并归档...
2026-01-07 16:13:18,894 - INFO - [reboot.py:18] - [54.2] 开始部署 Reboot 脚本 (V3.0 融合修复版)...
2026-01-07 17:12:54,265 - INFO - [acreboot.py:27] - [54.9] [AC] 检查连通性: OS->9.9.9.1
2026-01-07 17:12:56,604 - INFO - [acreboot.py:65] - [54.9] [AC] 开始部署 V2.2.2 到 /root/ACReboot...
2026-01-07 17:13:06,098 - INFO - [acreboot.py:149] - [54.9] [AC] 启动测试...
2026-01-07 17:20:01,707 - INFO - [reboot.py:18] - [54.9] 开始部署 Reboot 脚本 (V3.0 融合修复版)...
2026-01-07 17:20:11,730 - ERROR - [reboot.py:90] - [54.9] Reboot 部署异常
Traceback (most recent call last):
  File "E:\Monitor_Dev\backend\services\reboot.py", line 39, in deploy_reboot_scripts
    ssh = get_ssh_client(server.os_ip, server.ssh_user, server.ssh_password)
  File "E:\Monitor_Dev\backend\utils.py", line 21, in get_ssh_client
    ssh.connect(ip, username=user, password=pwd, timeout=10) # 延长超时到10秒
    ~~~~~~~~~~~^^^^^^^^^^^^^^^^^^^^^^^^^^^^^^^^^^^^^^^^^^^^^
  File "D:\Anaconda\Lib\site-packages\paramiko\client.py", line 384, in connect
    sock.connect(addr)
    ~~~~~~~~~~~~^^^^^^
TimeoutError: timed out
2026-01-07 17:20:51,295 - INFO - [reboot.py:18] - [54.9] 开始部署 Reboot 脚本 (V3.0 融合修复版)...
2026-01-07 17:31:55,321 - INFO - [acreboot.py:27] - [54.9] [AC] 检查连通性: OS->9.9.9.1
2026-01-07 17:31:57,659 - INFO - [acreboot.py:65] - [54.9] [AC] 开始部署 V2.2.2 到 /root/ACReboot...
2026-01-07 17:32:06,771 - INFO - [acreboot.py:27] - [54.9] [AC] 检查连通性: OS->9.9.9.1
2026-01-07 17:32:09,093 - INFO - [acreboot.py:65] - [54.9] [AC] 开始部署 V2.2.2 到 /root/ACReboot...
2026-01-07 17:32:26,598 - INFO - [acreboot.py:27] - [54.9] [AC] 检查连通性: OS->9.9.9.1
2026-01-07 17:32:28,892 - INFO - [acreboot.py:65] - [54.9] [AC] 开始部署 V2.2.2 到 /root/ACReboot...
2026-01-07 17:32:34,153 - INFO - [acreboot.py:149] - [54.9] [AC] 启动测试...
2026-01-07 17:39:09,624 - INFO - [reboot.py:18] - [54.9] 开始部署 Reboot 脚本 (V3.0 融合修复版)...
2026-01-07 17:39:19,645 - ERROR - [reboot.py:90] - [54.9] Reboot 部署异常
Traceback (most recent call last):
  File "E:\Monitor_Dev\backend\services\reboot.py", line 39, in deploy_reboot_scripts
    ssh = get_ssh_client(server.os_ip, server.ssh_user, server.ssh_password)
  File "E:\Monitor_Dev\backend\utils.py", line 21, in get_ssh_client
    ssh.connect(ip, username=user, password=pwd, timeout=10) # 延长超时到10秒
    ~~~~~~~~~~~^^^^^^^^^^^^^^^^^^^^^^^^^^^^^^^^^^^^^^^^^^^^^
  File "D:\Anaconda\Lib\site-packages\paramiko\client.py", line 384, in connect
    sock.connect(addr)
    ~~~~~~~~~~~~^^^^^^
TimeoutError: timed out
2026-01-07 17:39:22,894 - INFO - [reboot.py:18] - [54.9] 开始部署 Reboot 脚本 (V3.0 融合修复版)...
2026-01-07 17:39:36,515 - INFO - [acreboot.py:29] - [54.9] [AC] 检查连通性: OS->9.9.9.1
2026-01-07 17:39:38,850 - INFO - [acreboot.py:57] - [54.9] 开始部署 ACReboot 脚本 (V2.2.2)...
2026-01-07 17:39:45,046 - INFO - [acreboot.py:150] - [54.9] 启动 ACReboot 测试...
2026-01-07 17:47:10,299 - INFO - [reboot.py:18] - [54.9] 开始部署 Reboot 脚本 (V3.0 融合修复版)...
2026-01-07 17:50:10,770 - INFO - [acreboot.py:29] - [54.9] [AC] 检查连通性: OS->9.9.9.1
2026-01-07 17:50:13,158 - INFO - [acreboot.py:57] - [54.9] 开始部署 ACReboot 脚本 (V2.2.2)...
2026-01-07 17:50:33,338 - INFO - [acreboot.py:150] - [54.9] 启动 ACReboot 测试...
2026-01-07 17:54:38,021 - INFO - [acreboot.py:167] - [54.9] [AC] 停止测试...
2026-01-07 17:54:52,515 - INFO - [acreboot.py:29] - [54.9] [AC] 检查连通性: OS->9.9.9.1
2026-01-07 17:54:54,816 - INFO - [acreboot.py:54] - [54.9] [AC] 部署脚本 V2.2.2 (带 Trash 归档)...
2026-01-07 17:55:03,704 - INFO - [acreboot.py:29] - [54.9] [AC] 检查连通性: OS->9.9.9.1
2026-01-07 17:55:06,056 - INFO - [acreboot.py:54] - [54.9] [AC] 部署脚本 V2.2.2 (带 Trash 归档)...
2026-01-07 17:57:28,370 - INFO - [acreboot.py:29] - [54.9] [AC] 检查连通性: OS->9.9.9.1
2026-01-07 17:57:30,717 - INFO - [acreboot.py:57] - [54.9] 开始部署 ACReboot (V2.2.2 融合版)...
2026-01-07 17:57:40,319 - INFO - [acreboot.py:29] - [54.9] [AC] 检查连通性: OS->9.9.9.1
2026-01-07 17:57:42,621 - INFO - [acreboot.py:57] - [54.9] 开始部署 ACReboot (V2.2.2 融合版)...
2026-01-07 17:58:22,094 - INFO - [acreboot.py:29] - [54.9] [AC] 检查连通性: OS->9.9.9.1
2026-01-07 17:58:24,413 - INFO - [acreboot.py:57] - [54.9] 开始部署 ACReboot (V2.2.2 融合版)...
2026-01-07 18:05:23,052 - INFO - [acreboot.py:29] - [54.9] [AC] 检查连通性: OS->9.9.9.1
2026-01-07 18:05:25,398 - INFO - [acreboot.py:56] - [54.9] [AC] 部署脚本 V2.2.2 (优化清理逻辑)...
2026-01-07 18:05:28,504 - INFO - [acreboot.py:29] - [54.9] [AC] 检查连通性: OS->9.9.9.1
2026-01-07 18:05:30,838 - INFO - [acreboot.py:56] - [54.9] [AC] 部署脚本 V2.2.2 (优化清理逻辑)...
2026-01-07 18:07:59,519 - INFO - [acreboot.py:22] - [54.9] [AC] 检查连通性: OS->9.9.9.1
2026-01-07 18:08:01,813 - INFO - [acreboot.py:48] - [54.9] [AC] 部署脚本 V2.2.2 (SFTP上传模式)...
2026-01-07 18:08:11,450 - INFO - [acreboot.py:22] - [54.9] [AC] 检查连通性: OS->9.9.9.1
2026-01-07 18:08:13,843 - INFO - [acreboot.py:48] - [54.9] [AC] 部署脚本 V2.2.2 (SFTP上传模式)...
2026-01-07 18:08:26,237 - INFO - [acreboot.py:22] - [54.9] [AC] 检查连通性: OS->9.9.9.1
2026-01-07 18:08:28,630 - INFO - [acreboot.py:48] - [54.9] [AC] 部署脚本 V2.2.2 (SFTP上传模式)...
2026-01-07 18:08:36,116 - INFO - [acreboot.py:168] - [54.9] [AC] 停止测试...
2026-01-07 18:09:00,716 - INFO - [acreboot.py:22] - [54.9] [AC] 检查连通性: OS->9.9.9.1
2026-01-07 18:09:03,059 - INFO - [acreboot.py:48] - [54.9] [AC] 部署脚本 V2.2.2 (SFTP上传模式)...
2026-01-07 18:09:24,544 - INFO - [acreboot.py:144] - [54.9] [AC] 启动测试...
2026-01-07 18:09:39,778 - INFO - [acreboot.py:168] - [54.9] [AC] 停止测试...
2026-01-07 18:12:03,948 - INFO - [acreboot.py:22] - [54.9] [AC] 检查连通性: OS->9.9.9.1
2026-01-07 18:12:06,266 - INFO - [acreboot.py:48] - [54.9] [AC] 部署脚本 V2.2.2 (SFTP模式)...
2026-01-07 18:12:09,316 - INFO - [acreboot.py:125] - [54.9] [AC] 启动测试...
2026-01-07 18:18:51,459 - INFO - [acreboot.py:22] - [54.9] [AC] 检查连通性: OS->9.9.9.1
2026-01-07 18:18:53,833 - INFO - [acreboot.py:47] - [54.9] [AC] 部署脚本 V2.2.2 (SFTP模式)...
2026-01-07 18:19:25,857 - INFO - [acreboot.py:22] - [54.9] [AC] 检查连通性: OS->9.9.9.1
2026-01-07 18:19:28,205 - INFO - [acreboot.py:47] - [54.9] [AC] 部署脚本 V2.2.2 (SFTP模式)...
2026-01-07 18:19:31,489 - INFO - [acreboot.py:133] - [54.9] [AC] 启动测试...
2026-01-07 18:22:30,352 - INFO - [acreboot.py:29] - [54.9] [AC] 检查连通性: OS->9.9.9.1
2026-01-07 18:22:32,649 - INFO - [acreboot.py:57] - [54.9] 开始部署 ACReboot 脚本 (V2.2.2)...
2026-01-07 18:22:40,018 - INFO - [acreboot.py:187] - [54.9] 停止 ACReboot 测试并归档...
2026-01-07 18:22:48,505 - INFO - [acreboot.py:29] - [54.9] [AC] 检查连通性: OS->9.9.9.1
2026-01-07 18:22:50,886 - INFO - [acreboot.py:57] - [54.9] 开始部署 ACReboot 脚本 (V2.2.2)...
2026-01-07 18:22:53,313 - INFO - [acreboot.py:150] - [54.9] 启动 ACReboot 测试...
2026-01-07 18:24:02,848 - INFO - [acreboot.py:181] - [54.9] [AC] 停止测试并恢复环境...
2026-01-07 18:24:19,595 - INFO - [acreboot.py:27] - [54.9] [AC] 检查连通性: OS->9.9.9.1
2026-01-07 18:24:21,962 - INFO - [acreboot.py:65] - [54.9] [AC] 开始部署 V2.2.2 到 /root/ACReboot...
2026-01-07 18:24:24,483 - INFO - [acreboot.py:149] - [54.9] [AC] 启动测试...
2026-01-07 18:24:48,720 - INFO - [acreboot.py:181] - [54.9] [AC] 停止测试并恢复环境...
2026-01-07 18:25:18,501 - INFO - [acreboot.py:184] - [54.9] 停止 ACReboot 测试...
2026-01-07 18:25:32,165 - INFO - [acreboot.py:29] - [54.9] [AC] 检查连通性: OS->9.9.9.1
2026-01-07 18:25:34,531 - INFO - [acreboot.py:57] - [54.9] 开始部署 ACReboot (V2.2.2 融合版)...
2026-01-07 18:25:55,900 - INFO - [acreboot.py:29] - [54.9] [AC] 检查连通性: OS->9.9.9.1
2026-01-07 18:25:58,276 - INFO - [acreboot.py:54] - [54.9] [AC] 部署脚本 V2.2.2 (带 Trash 归档)...
2026-01-07 18:26:01,822 - INFO - [acreboot.py:142] - [54.9] [AC] 启动测试...
2026-01-07 18:26:31,637 - INFO - [acreboot.py:167] - [54.9] [AC] 停止测试...
2026-01-07 18:26:55,517 - INFO - [acreboot.py:29] - [54.9] [AC] 检查连通性: OS->9.9.9.1
2026-01-07 18:26:57,807 - INFO - [acreboot.py:57] - [54.9] 开始部署 ACReboot 脚本 (V2.2.2)...
2026-01-07 18:29:03,780 - INFO - [acreboot.py:29] - [54.9] [AC] 检查连通性: OS->9.9.9.1
2026-01-07 18:29:06,114 - INFO - [acreboot.py:57] - [54.9] 开始部署 ACReboot 脚本 (V2.2.2)...
2026-01-07 18:29:09,457 - INFO - [acreboot.py:150] - [54.9] 启动 ACReboot 测试...
2026-01-07 18:29:43,824 - INFO - [acreboot.py:29] - [54.9] [AC] 检查连通性: OS->9.9.9.1
2026-01-07 18:29:46,153 - INFO - [acreboot.py:57] - [54.9] 开始部署 ACReboot 脚本 (V2.2.2)...
2026-01-07 18:45:17,021 - INFO - [acreboot.py:22] - [54.9] [AC] 检查连通性: OS->9.9.9.1
2026-01-07 18:45:19,323 - INFO - [acreboot.py:48] - [54.9] [AC] 部署脚本 V2.2.2 (SFTP模式)...
2026-01-07 18:45:31,746 - INFO - [acreboot.py:125] - [54.9] [AC] 启动测试...
2026-01-08 11:11:19,052 - INFO - [acreboot.py:22] - [54.17] [AC] 检查连通性: OS->172.17.33.62
2026-01-08 11:11:21,357 - INFO - [acreboot.py:48] - [54.17] [AC] 部署脚本 V2.2.2 (SFTP模式)...
2026-01-08 11:11:38,820 - INFO - [acreboot.py:125] - [54.17] [AC] 启动测试...
2026-01-08 11:18:37,697 - INFO - [acreboot.py:166] - [54.17] [AC] 停止测试...
2026-01-08 11:19:44,178 - INFO - [acreboot.py:22] - [54.17] [AC] 检查连通性: OS->172.17.33.62
2026-01-08 11:19:46,485 - INFO - [acreboot.py:48] - [54.17] [AC] 部署脚本 V2.2.2 (SFTP模式)...
2026-01-08 11:19:56,453 - INFO - [acreboot.py:22] - [54.17] [AC] 检查连通性: OS->172.17.33.62
2026-01-08 11:19:59,772 - INFO - [acreboot.py:48] - [54.17] [AC] 部署脚本 V2.2.2 (SFTP模式)...
2026-01-08 11:20:05,383 - INFO - [acreboot.py:125] - [54.17] [AC] 启动测试...
2026-01-08 11:27:04,445 - INFO - [acreboot.py:22] - [54.17] [AC] 检查连通性: OS->172.17.33.62
2026-01-08 11:27:06,751 - INFO - [acreboot.py:48] - [54.17] [AC] 部署脚本 V2.2.2 (SFTP模式)...
2026-01-08 11:27:27,352 - INFO - [acreboot.py:125] - [54.17] [AC] 启动测试...
2026-01-08 11:34:07,316 - INFO - [reboot.py:127] - [54.17] 停止 Reboot 测试并归档...
2026-01-08 11:34:17,314 - INFO - [acreboot.py:125] - [54.17] [AC] 启动测试...
2026-01-08 11:34:22,247 - INFO - [acreboot.py:166] - [54.17] [AC] 停止测试...
2026-01-08 11:34:33,519 - INFO - [acreboot.py:22] - [54.17] [AC] 检查连通性: OS->172.17.33.62
2026-01-08 11:34:35,836 - INFO - [acreboot.py:48] - [54.17] [AC] 部署脚本 V2.2.2 (SFTP模式)...
2026-01-08 11:35:05,654 - INFO - [acreboot.py:22] - [54.17] [AC] 检查连通性: OS->172.17.33.62
2026-01-08 11:35:08,090 - INFO - [acreboot.py:48] - [54.17] [AC] 部署脚本 V2.2.2 (SFTP模式)...
2026-01-08 11:35:10,950 - INFO - [acreboot.py:125] - [54.17] [AC] 启动测试...
2026-01-08 11:35:28,199 - INFO - [acreboot.py:166] - [54.17] [AC] 停止测试...
2026-01-08 11:41:30,791 - INFO - [acreboot.py:166] - [54.17] [AC] 停止测试...
2026-01-08 11:41:45,019 - INFO - [acreboot.py:166] - [54.17] [AC] 停止测试...
2026-01-08 11:42:02,148 - INFO - [acreboot.py:22] - [54.17] [AC] 检查连通性: OS->172.17.33.62
2026-01-08 11:42:04,472 - INFO - [acreboot.py:48] - [54.17] [AC] 部署脚本 V2.2.2 (SFTP模式)...
2026-01-08 11:42:28,837 - INFO - [acreboot.py:22] - [54.17] [AC] 检查连通性: OS->172.17.33.62
2026-01-08 11:42:31,157 - INFO - [acreboot.py:48] - [54.17] [AC] 部署脚本 V2.2.2 (SFTP模式)...
2026-01-08 11:42:37,495 - INFO - [acreboot.py:166] - [54.17] [AC] 停止测试...
2026-01-08 11:42:46,806 - INFO - [acreboot.py:22] - [54.17] [AC] 检查连通性: OS->172.17.33.62
2026-01-08 11:42:50,140 - INFO - [acreboot.py:48] - [54.17] [AC] 部署脚本 V2.2.2 (SFTP模式)...
2026-01-08 11:42:59,655 - INFO - [acreboot.py:22] - [54.17] [AC] 检查连通性: OS->172.17.33.62
2026-01-08 11:43:02,004 - INFO - [acreboot.py:48] - [54.17] [AC] 部署脚本 V2.2.2 (SFTP模式)...
2026-01-08 11:43:16,059 - INFO - [acreboot.py:22] - [54.17] [AC] 检查连通性: OS->172.17.33.62
2026-01-08 11:43:18,390 - INFO - [acreboot.py:48] - [54.17] [AC] 部署脚本 V2.2.2 (SFTP模式)...
2026-01-08 11:43:26,229 - INFO - [acreboot.py:22] - [54.17] [AC] 检查连通性: OS->172.17.33.62
2026-01-08 11:43:28,566 - INFO - [acreboot.py:48] - [54.17] [AC] 部署脚本 V2.2.2 (SFTP模式)...
2026-01-08 11:43:31,219 - INFO - [acreboot.py:125] - [54.17] [AC] 启动测试...
2026-01-08 16:07:44,816 - INFO - [memtest.py:10] - [54.11] 开始部署 Memtest 环境...
2026-01-08 16:07:57,328 - INFO - [memtest.py:56] - [54.11] 启动 Memtest (Runtime=86400)
2026-01-09 14:09:29,428 - INFO - [acreboot.py:166] - [54.17] [AC] 停止测试...
2026-01-09 14:24:21,416 - INFO - [acreboot.py:22] - [54.4] [AC] 检查连通性: OS->172.17.33.62
2026-01-09 14:24:23,796 - INFO - [acreboot.py:48] - [54.4] [AC] 部署脚本 V2.2.2 (SFTP模式)...
2026-01-09 14:24:29,541 - INFO - [acreboot.py:125] - [54.4] [AC] 启动测试...
2026-01-09 14:46:26,318 - INFO - [acreboot.py:166] - [54.4] [AC] 停止测试...
2026-01-09 14:46:58,428 - INFO - [acreboot.py:166] - [54.4] [AC] 停止测试...
2026-01-09 14:47:35,907 - INFO - [acreboot.py:166] - [54.4] [AC] 停止测试...
2026-01-09 14:48:09,306 - INFO - [acreboot.py:22] - [54.4] [AC] 检查连通性: OS->172.17.33.62
2026-01-09 14:48:11,810 - INFO - [acreboot.py:48] - [54.4] [AC] 部署脚本 V2.2.2 (SFTP模式)...
2026-01-09 14:48:23,916 - INFO - [acreboot.py:166] - [54.4] [AC] 停止测试...
2026-01-09 14:48:59,451 - INFO - [acreboot.py:22] - [54.4] [AC] 检查连通性: OS->172.17.33.62
2026-01-09 14:49:01,817 - INFO - [acreboot.py:48] - [54.4] [AC] 部署脚本 V2.2.2 (SFTP模式)...
2026-01-09 14:49:18,740 - INFO - [acreboot.py:22] - [54.4] [AC] 检查连通性: OS->172.17.33.62
2026-01-09 14:49:21,081 - INFO - [acreboot.py:48] - [54.4] [AC] 部署脚本 V2.2.2 (SFTP模式)...
2026-01-09 14:50:23,376 - INFO - [acreboot.py:22] - [54.4] [AC] 检查连通性: OS->172.17.33.62
2026-01-09 14:50:25,851 - INFO - [acreboot.py:48] - [54.4] [AC] 部署脚本 V2.2.2 (SFTP模式)...
2026-01-09 14:50:32,642 - INFO - [acreboot.py:125] - [54.4] [AC] 启动测试...
2026-01-09 14:59:13,206 - INFO - [acreboot.py:166] - [54.4] [AC] 停止测试...
2026-01-09 15:19:49,318 - INFO - [acreboot.py:22] - [54.4] [AC] 检查连通性: OS->172.17.33.62
2026-01-09 15:19:51,812 - INFO - [acreboot.py:48] - [54.4] [AC] 部署脚本 V2.2.2 (SFTP模式)...
2026-01-09 15:20:00,983 - INFO - [acreboot.py:125] - [54.4] [AC] 启动测试...
2026-01-09 17:32:22,803 - INFO - [memtest.py:144] - [54.11] 停止 Memtest 并归档...
2026-01-11 11:42:26,291 - INFO - [memtest.py:10] - [54.4] 开始部署 Memtest 环境...
2026-01-11 11:44:17,192 - INFO - [memtest.py:60] - [54.4] 启动 Memtest (Runtime=86400)
2026-01-11 11:45:17,685 - INFO - [memtest.py:10] - [54.4] 开始部署 Memtest 环境...
2026-01-11 11:46:03,722 - INFO - [memtest.py:60] - [54.4] 启动 Memtest (Runtime=86400)
2026-01-12 13:26:11,206 - INFO - [memtest.py:173] - [54.4] 停止 Memtest 并归档...
2026-01-16 11:41:52,312 - INFO - [reboot.py:18] - [54.17] 开始部署 Reboot 脚本 (V3.0 融合修复版)...
2026-01-16 11:41:55,933 - INFO - [reboot.py:95] - [54.17] 启动 Reboot 测试...
2026-01-16 11:45:32,421 - INFO - [reboot.py:18] - [54.9] 开始部署 Reboot 脚本 (V3.0 融合修复版)...
2026-01-16 11:45:35,390 - INFO - [reboot.py:95] - [54.9] 启动 Reboot 测试...
2026-01-16 11:48:11,962 - INFO - [reboot.py:18] - [54.4] 开始部署 Reboot 脚本 (V3.0 融合修复版)...
2026-01-16 11:48:16,765 - INFO - [reboot.py:95] - [54.4] 启动 Reboot 测试...
2026-01-16 12:05:07,059 - INFO - [reboot.py:18] - [54.20] 开始部署 Reboot 脚本 (V3.0 融合修复版)...
2026-01-16 12:06:29,184 - INFO - [reboot.py:18] - [54.4] 开始部署 Reboot 脚本 (V3.0 融合修复版)...
2026-01-16 12:06:50,719 - INFO - [reboot.py:95] - [54.4] 启动 Reboot 测试...
2026-01-16 12:07:13,475 - INFO - [reboot.py:95] - [54.20] 启动 Reboot 测试...
2026-01-16 12:09:45,300 - INFO - [reboot.py:18] - [54.9] 开始部署 Reboot 脚本 (V3.0 融合修复版)...
2026-01-16 12:10:02,300 - INFO - [reboot.py:127] - [54.9] 停止 Reboot 测试并归档...
2026-01-16 12:10:37,212 - INFO - [reboot.py:18] - [54.9] 开始部署 Reboot 脚本 (V3.0 融合修复版)...
2026-01-16 12:10:45,963 - INFO - [reboot.py:95] - [54.9] 启动 Reboot 测试...
2026-01-16 12:12:14,396 - INFO - [reboot.py:95] - [54.9] 启动 Reboot 测试...
2026-01-16 12:17:34,656 - INFO - [reboot.py:127] - [54.9] 停止 Reboot 测试并归档...
2026-01-16 12:20:11,972 - INFO - [reboot.py:18] - [54.3] 开始部署 Reboot 脚本 (V3.0 融合修复版)...
2026-01-16 12:20:37,978 - INFO - [reboot.py:95] - [54.3] 启动 Reboot 测试...
2026-01-16 12:22:12,780 - INFO - [reboot.py:18] - [54.17] 开始部署 Reboot 脚本 (V3.0 融合修复版)...
2026-01-16 12:22:34,210 - INFO - [reboot.py:18] - [54.17] 开始部署 Reboot 脚本 (V3.0 融合修复版)...
2026-01-16 12:23:47,923 - INFO - [reboot.py:18] - [54.17] 开始部署 Reboot 脚本 (V3.0 融合修复版)...
2026-01-16 12:23:56,044 - INFO - [reboot.py:127] - [54.17] 停止 Reboot 测试并归档...
2026-01-16 12:24:31,109 - INFO - [reboot.py:18] - [54.9] 开始部署 Reboot 脚本 (V3.0 融合修复版)...
2026-01-16 12:25:40,583 - INFO - [reboot.py:18] - [54.17] 开始部署 Reboot 脚本 (V3.0 融合修复版)...
2026-01-16 12:25:54,830 - INFO - [reboot.py:18] - [54.3] 开始部署 Reboot 脚本 (V3.0 融合修复版)...
2026-01-16 12:26:04,840 - ERROR - [reboot.py:90] - [54.3] Reboot 部署异常
Traceback (most recent call last):
  File "E:\Monitor_Dev\backend\services\reboot.py", line 39, in deploy_reboot_scripts
    ssh = get_ssh_client(server.os_ip, server.ssh_user, server.ssh_password)
  File "E:\Monitor_Dev\backend\utils.py", line 21, in get_ssh_client
    ssh.connect(ip, username=user, password=pwd, timeout=10) # 延长超时到10秒
    ~~~~~~~~~~~^^^^^^^^^^^^^^^^^^^^^^^^^^^^^^^^^^^^^^^^^^^^^
  File "D:\Anaconda\Lib\site-packages\paramiko\client.py", line 384, in connect
    sock.connect(addr)
    ~~~~~~~~~~~~^^^^^^
TimeoutError: timed out
2026-01-16 12:27:02,240 - INFO - [reboot.py:18] - [54.3] 开始部署 Reboot 脚本 (V3.0 融合修复版)...
2026-01-16 12:27:12,247 - ERROR - [reboot.py:90] - [54.3] Reboot 部署异常
Traceback (most recent call last):
  File "E:\Monitor_Dev\backend\services\reboot.py", line 39, in deploy_reboot_scripts
    ssh = get_ssh_client(server.os_ip, server.ssh_user, server.ssh_password)
  File "E:\Monitor_Dev\backend\utils.py", line 21, in get_ssh_client
    ssh.connect(ip, username=user, password=pwd, timeout=10) # 延长超时到10秒
    ~~~~~~~~~~~^^^^^^^^^^^^^^^^^^^^^^^^^^^^^^^^^^^^^^^^^^^^^
  File "D:\Anaconda\Lib\site-packages\paramiko\client.py", line 384, in connect
    sock.connect(addr)
    ~~~~~~~~~~~~^^^^^^
TimeoutError: timed out
2026-01-16 12:27:17,088 - INFO - [reboot.py:18] - [54.3] 开始部署 Reboot 脚本 (V3.0 融合修复版)...
2026-01-16 12:27:28,625 - INFO - [reboot.py:18] - [54.9] 开始部署 Reboot 脚本 (V3.0 融合修复版)...
2026-01-16 13:18:06,048 - INFO - [reboot.py:18] - [54.17] 开始部署 Reboot 脚本 (V3.0 融合修复版)...
2026-01-16 13:19:11,019 - INFO - [reboot.py:168] - [54.17] 重置环境...
2026-01-16 13:19:25,331 - INFO - [reboot.py:18] - [54.17] 开始部署 Reboot 脚本 (V3.0 融合修复版)...
2026-01-16 13:19:39,955 - INFO - [reboot.py:95] - [54.17] 启动 Reboot 测试...
2026-01-16 13:20:14,782 - INFO - [reboot.py:168] - [54.3] 重置环境...
2026-01-16 13:20:27,759 - INFO - [reboot.py:18] - [54.3] 开始部署 Reboot 脚本 (V3.0 融合修复版)...
2026-01-16 13:20:31,931 - INFO - [reboot.py:95] - [54.3] 启动 Reboot 测试...
2026-01-16 13:21:20,692 - INFO - [reboot.py:168] - [54.9] 重置环境...
2026-01-16 13:21:30,555 - INFO - [reboot.py:18] - [54.9] 开始部署 Reboot 脚本 (V3.0 融合修复版)...
2026-01-16 13:21:34,109 - INFO - [reboot.py:95] - [54.9] 启动 Reboot 测试...
2026-01-16 13:27:32,821 - INFO - [reboot.py:18] - [54.3] 开始部署 Reboot 脚本 (V3.0 融合修复版)...
2026-01-16 13:27:39,201 - INFO - [reboot.py:168] - [54.3] 重置环境...
2026-01-16 13:28:05,593 - INFO - [reboot.py:18] - [54.9] 开始部署 Reboot 脚本 (V3.0 融合修复版)...
2026-01-16 13:28:15,609 - ERROR - [reboot.py:90] - [54.9] Reboot 部署异常
Traceback (most recent call last):
  File "E:\Monitor_Dev\backend\services\reboot.py", line 39, in deploy_reboot_scripts
    ssh = get_ssh_client(server.os_ip, server.ssh_user, server.ssh_password)
  File "E:\Monitor_Dev\backend\utils.py", line 21, in get_ssh_client
    ssh.connect(ip, username=user, password=pwd, timeout=10) # 延长超时到10秒
    ~~~~~~~~~~~^^^^^^^^^^^^^^^^^^^^^^^^^^^^^^^^^^^^^^^^^^^^^
  File "D:\Anaconda\Lib\site-packages\paramiko\client.py", line 384, in connect
    sock.connect(addr)
    ~~~~~~~~~~~~^^^^^^
TimeoutError: timed out
2026-01-16 13:28:25,004 - INFO - [reboot.py:18] - [54.9] 开始部署 Reboot 脚本 (V3.0 融合修复版)...
2026-01-16 13:28:30,153 - INFO - [reboot.py:168] - [54.9] 重置环境...
2026-01-16 13:34:16,055 - INFO - [reboot.py:18] - [54.9] 开始部署 Reboot 脚本 (V3.0 融合修复版)...
2026-01-16 13:34:24,743 - INFO - [reboot.py:95] - [54.9] 启动 Reboot 测试...
2026-01-16 13:36:45,771 - INFO - [reboot.py:18] - [54.3] 开始部署 Reboot 脚本 (V3.0 融合修复版)...
2026-01-16 13:37:01,572 - INFO - [reboot.py:18] - [54.3] 开始部署 Reboot 脚本 (V3.0 融合修复版)...
2026-01-16 13:38:54,936 - INFO - [reboot.py:18] - [54.3] 开始部署 Reboot 脚本 (V3.0 融合修复版)...
2026-01-16 13:39:44,612 - INFO - [reboot.py:95] - [54.3] 启动 Reboot 测试...
2026-01-16 13:49:40,361 - INFO - [reboot.py:18] - [54.9] 开始部署 Reboot 脚本 (V3.0 融合修复版)...
2026-01-16 13:50:33,415 - INFO - [reboot.py:168] - [54.9] 重置环境...
2026-01-16 13:51:18,955 - INFO - [reboot.py:18] - [54.9] 开始部署 Reboot 脚本 (V3.0 融合修复版)...
2026-01-16 13:53:39,176 - INFO - [reboot.py:18] - [54.9] 开始部署 Reboot 脚本 (V3.0 融合修复版)...
2026-01-16 13:56:11,854 - INFO - [reboot.py:18] - [54.9] 开始部署 Reboot 脚本 (V3.0 融合修复版)...
2026-01-16 13:56:14,433 - INFO - [reboot.py:95] - [54.9] 启动 Reboot 测试...
